<?xml version="1.0" encoding="UTF-8"?>
<!-- Generated by org.testng.reporters.JUnitReportReporter -->
<testsuite skipped="0" hostname="DESKTOP-H7B76VV" name="com.sfdc.training.tests.LoginTest" tests="1" failures="0" timestamp="2021-07-15T20:55:58 EDT" time="4.475" errors="0">
  <testcase name="passurl" time="4.475" classname="com.sfdc.training.tests.LoginTest"/>
  <system-out/>
</testsuite> <!-- com.sfdc.training.tests.LoginTest -->
