<?xml version="1.0" encoding="UTF-8"?>
<!-- Generated by org.testng.reporters.JUnitReportReporter -->
<testsuite skipped="0" hostname="DESKTOP-H7B76VV" name="com.sfdc.login.page.TC01_LogInPageTest" tests="2" failures="0" timestamp="2021-07-15T20:17:03 EDT" time="10.845" errors="0">
  <testcase name="lunchSFDCApp" time="10.571" classname="com.sfdc.login.page.TC01_LogInPageTest"/>
  <system-out/>
  <testcase name="logInToPortal" time="0.274" classname="com.sfdc.login.page.TC01_LogInPageTest"/>
  <system-out/>
</testsuite> <!-- com.sfdc.login.page.TC01_LogInPageTest -->
