<?xml version="1.0" encoding="UTF-8"?>
<!-- Generated by org.testng.reporters.JUnitReportReporter -->
<testsuite skipped="0" hostname="DESKTOP-H7B76VV" name="com.sfdc.training.test.login.LoginTest" tests="2" failures="0" timestamp="2021-08-07T23:34:38 EDT" time="23.079" errors="0">
  <testcase name="validateLoginwithValidUser" time="18.446" classname="com.sfdc.training.test.login.LoginTest"/>
  <system-out/>
  <testcase name="validateLoginwithInvaliteUser" time="4.633" classname="com.sfdc.training.test.login.LoginTest"/>
  <system-out/>
</testsuite> <!-- com.sfdc.training.test.login.LoginTest -->
